<?xml version="1.0" encoding="UTF-8"?>
<!-- Generated by org.testng.reporters.JUnitReportReporter -->
<testsuite hostname="TANMOY_DATTA" failures="0" tests="1" name="testcases.TestCase" time="140.297" errors="0" timestamp="2023-02-28T17:07:38 BDT" skipped="0">
  <testcase classname="testcases.TestCase" name="AllTest" time="140.297"/>
  <system-out/>
</testsuite> <!-- testcases.TestCase -->
