<?xml version="1.0" encoding="UTF-8"?>
<!-- Generated by org.testng.reporters.JUnitReportReporter -->
<testsuite hostname="TANMOY_DATTA" failures="0" tests="7" name="testcases.TestCase" time="85.767" errors="0" timestamp="2023-03-10T14:43:40 BDT" skipped="0">
  <testcase classname="testcases.TestCase" name="HomePage" time="6.019"/>
  <system-out/>
  <testcase classname="testcases.TestCase" name="LoginPage" time="5.047"/>
  <system-out/>
  <testcase classname="testcases.TestCase" name="testLogInValidCredentialsUsingDataprovider" time="13.047"/>
  <system-out/>
  <testcase classname="testcases.TestCase" name="AfterLogInHomePages" time="17.133"/>
  <system-out/>
  <testcase classname="testcases.TestCase" name="NextPage" time="8.683"/>
  <system-out/>
  <testcase classname="testcases.TestCase" name="ADDTOCART" time="9.571"/>
  <system-out/>
  <testcase classname="testcases.TestCase" name="OrderPlace" time="26.267"/>
  <system-out/>
</testsuite> <!-- testcases.TestCase -->
