<?xml version="1.0" encoding="UTF-8"?>
<!-- Generated by org.testng.reporters.JUnitReportReporter -->
<testsuite hostname="TANMOY_DATTA" failures="0" tests="1" name="testcases.TestCase" time="76.736" errors="0" timestamp="2023-03-05T15:08:14 BDT" skipped="0">
  <testcase classname="testcases.TestCase" name="AllTest" time="76.736"/>
  <system-out/>
</testsuite> <!-- testcases.TestCase -->
