<?xml version="1.0" encoding="UTF-8"?>
<!-- Generated by org.testng.reporters.JUnitReportReporter -->
<testsuite hostname="TANMOY_DATTA" failures="0" tests="7" name="testcases.TestCase" time="86.016" errors="0" timestamp="2023-03-10T13:47:46 BDT" skipped="0">
  <testcase classname="testcases.TestCase" name="HomePage" time="6.739"/>
  <system-out/>
  <testcase classname="testcases.TestCase" name="LoginPage" time="4.387"/>
  <system-out/>
  <testcase classname="testcases.TestCase" name="testLogInValidCredentialsUsingDataprovider" time="12.710"/>
  <system-out/>
  <testcase classname="testcases.TestCase" name="AfterLogInHomePages" time="21.135"/>
  <system-out/>
  <testcase classname="testcases.TestCase" name="NextPage" time="8.874"/>
  <system-out/>
  <testcase classname="testcases.TestCase" name="ADDTOCART" time="8.032"/>
  <system-out/>
  <testcase classname="testcases.TestCase" name="OrderPlace" time="24.139"/>
  <system-out/>
</testsuite> <!-- testcases.TestCase -->
